2025-08-22 16:20:53 [scrapy.utils.log] INFO: Scrapy 2.12.0 started (bot: sports_scrapy)
2025-08-22 16:20:53 [scrapy.utils.log] INFO: Versions: lxml 5.3.2.0, libxml2 2.11.9, cssselect 1.3.0, parsel 1.10.0, w3lib 2.3.1, Twisted 24.11.0, Python 3.12.10 (main, Apr  9 2025, 04:06:22) [MSC v.1943 64 bit (AMD64)], pyOpenSSL 25.1.0 (OpenSSL 3.4.1 11 Feb 2025), cryptography 44.0.2, Platform Windows-10-10.0.19045-SP0
2025-08-22 16:20:53 [scrapy.addons] INFO: Enabled addons:
[]
2025-08-22 16:20:53 [scrapy.extensions.telnet] INFO: Telnet Password: 51ba045d9c4cb1a5
2025-08-22 16:20:53 [scrapy.middleware] INFO: Enabled extensions:
['scrapy.extensions.corestats.CoreStats',
 'scrapy.extensions.telnet.TelnetConsole',
 'scrapy.extensions.logstats.LogStats',
 'scrapy.extensions.throttle.AutoThrottle']
2025-08-22 16:20:53 [scrapy.crawler] INFO: Overridden settings:
{'AUTOTHROTTLE_ENABLED': True,
 'AUTOTHROTTLE_START_DELAY': 1,
 'BOT_NAME': 'sports_scrapy',
 'DOWNLOAD_DELAY': 1,
 'DOWNLOAD_TIMEOUT': 30,
 'FEED_EXPORT_ENCODING': 'utf-8',
 'LOG_FILE': 'logs/football_spider.log',
 'LOG_LEVEL': 'INFO',
 'NEWSPIDER_MODULE': 'sports_scrapy.spiders',
 'RETRY_HTTP_CODES': [500, 502, 503, 504, 408, 429],
 'RETRY_TIMES': 3,
 'SPIDER_MODULES': ['sports_scrapy.spiders']}
2025-08-22 16:20:54 [scrapy.middleware] INFO: Enabled downloader middlewares:
['scrapy.downloadermiddlewares.offsite.OffsiteMiddleware',
 'scrapy.downloadermiddlewares.httpauth.HttpAuthMiddleware',
 'scrapy.downloadermiddlewares.downloadtimeout.DownloadTimeoutMiddleware',
 'scrapy.downloadermiddlewares.defaultheaders.DefaultHeadersMiddleware',
 'scrapy.downloadermiddlewares.useragent.UserAgentMiddleware',
 'scrapy.downloadermiddlewares.retry.RetryMiddleware',
 'scrapy.downloadermiddlewares.redirect.MetaRefreshMiddleware',
 'scrapy.downloadermiddlewares.httpcompression.HttpCompressionMiddleware',
 'scrapy.downloadermiddlewares.redirect.RedirectMiddleware',
 'scrapy.downloadermiddlewares.cookies.CookiesMiddleware',
 'scrapy.downloadermiddlewares.httpproxy.HttpProxyMiddleware',
 'scrapy.downloadermiddlewares.stats.DownloaderStats']
2025-08-22 16:20:54 [scrapy.middleware] INFO: Enabled spider middlewares:
['scrapy.spidermiddlewares.httperror.HttpErrorMiddleware',
 'scrapy.spidermiddlewares.referer.RefererMiddleware',
 'scrapy.spidermiddlewares.urllength.UrlLengthMiddleware',
 'scrapy.spidermiddlewares.depth.DepthMiddleware']
2025-08-22 16:20:55 [scrapy.middleware] INFO: Enabled item pipelines:
['sports_scrapy.pipelines.MySQLPipeline']
2025-08-22 16:20:55 [scrapy.core.engine] INFO: Spider opened
2025-08-22 16:20:55 [sports_scrapy.pipelines] INFO: Connected to MySQL database: spider
2025-08-22 16:20:55 [scrapy.extensions.logstats] INFO: Crawled 0 pages (at 0 pages/min), scraped 0 items (at 0 items/min)
2025-08-22 16:20:55 [scrapy.extensions.telnet] INFO: Telnet console listening on 127.0.0.1:6026
2025-08-22 16:20:56 [football_spider] INFO: 足球运动获取到 139 个国家/地区
2025-08-22 16:21:08 [football_spider] INFO: 足球运动获取到 139 个国家/地区
2025-08-22 16:21:14 [football_spider] INFO: 足球运动获取到 139 个国家/地区
2025-08-22 16:21:21 [football_spider] INFO: 足球国家 13 获取到 282 个联赛
2025-08-22 16:21:30 [football_spider] INFO: 足球国家 13 获取到 282 个联赛
2025-08-22 16:21:51 [football_spider] INFO: 足球国家 13 获取到 282 个联赛
2025-08-22 16:22:00 [scrapy.extensions.logstats] INFO: Crawled 7 pages (at 7 pages/min), scraped 27 items (at 27 items/min)
2025-08-22 16:22:09 [football_spider] INFO: 足球国家 4 获取到 332 个联赛
2025-08-22 16:22:22 [scrapy.crawler] INFO: Received SIGINT, shutting down gracefully. Send again to force 
2025-08-22 16:22:26 [scrapy.core.engine] INFO: Closing spider (shutdown)
2025-08-22 16:22:34 [football_spider] INFO: 足球国家 4 获取到 332 个联赛
2025-08-22 16:23:04 [scrapy.extensions.logstats] INFO: Crawled 9 pages (at 2 pages/min), scraped 58 items (at 31 items/min)
2025-08-22 16:23:18 [football_spider] INFO: 足球国家 4 获取到 332 个联赛
2025-08-22 16:23:43 [football_spider] INFO: 足球国家 392 获取到 373 个联赛
2025-08-22 16:24:06 [scrapy.utils.log] INFO: Scrapy 2.12.0 started (bot: sports_scrapy)
2025-08-22 16:24:06 [scrapy.utils.log] INFO: Versions: lxml 5.3.2.0, libxml2 2.11.9, cssselect 1.3.0, parsel 1.10.0, w3lib 2.3.1, Twisted 24.11.0, Python 3.12.10 (main, Apr  9 2025, 04:06:22) [MSC v.1943 64 bit (AMD64)], pyOpenSSL 25.1.0 (OpenSSL 3.4.1 11 Feb 2025), cryptography 44.0.2, Platform Windows-10-10.0.19045-SP0
2025-08-22 16:24:06 [scrapy.addons] INFO: Enabled addons:
[]
2025-08-22 16:24:06 [scrapy.extensions.telnet] INFO: Telnet Password: f7605bfbf2a6cdbe
2025-08-22 16:24:06 [scrapy.middleware] INFO: Enabled extensions:
['scrapy.extensions.corestats.CoreStats',
 'scrapy.extensions.telnet.TelnetConsole',
 'scrapy.extensions.logstats.LogStats',
 'scrapy.extensions.throttle.AutoThrottle']
2025-08-22 16:24:06 [scrapy.crawler] INFO: Overridden settings:
{'AUTOTHROTTLE_ENABLED': True,
 'AUTOTHROTTLE_START_DELAY': 1,
 'BOT_NAME': 'sports_scrapy',
 'DOWNLOAD_DELAY': 1,
 'DOWNLOAD_TIMEOUT': 30,
 'FEED_EXPORT_ENCODING': 'utf-8',
 'LOG_FILE': 'logs/football_spider.log',
 'LOG_LEVEL': 'INFO',
 'NEWSPIDER_MODULE': 'sports_scrapy.spiders',
 'RETRY_HTTP_CODES': [500, 502, 503, 504, 408, 429],
 'RETRY_TIMES': 3,
 'SPIDER_MODULES': ['sports_scrapy.spiders']}
2025-08-22 16:24:07 [scrapy.middleware] INFO: Enabled downloader middlewares:
['scrapy.downloadermiddlewares.offsite.OffsiteMiddleware',
 'scrapy.downloadermiddlewares.httpauth.HttpAuthMiddleware',
 'scrapy.downloadermiddlewares.downloadtimeout.DownloadTimeoutMiddleware',
 'scrapy.downloadermiddlewares.defaultheaders.DefaultHeadersMiddleware',
 'scrapy.downloadermiddlewares.useragent.UserAgentMiddleware',
 'scrapy.downloadermiddlewares.retry.RetryMiddleware',
 'scrapy.downloadermiddlewares.redirect.MetaRefreshMiddleware',
 'scrapy.downloadermiddlewares.httpcompression.HttpCompressionMiddleware',
 'scrapy.downloadermiddlewares.redirect.RedirectMiddleware',
 'scrapy.downloadermiddlewares.cookies.CookiesMiddleware',
 'scrapy.downloadermiddlewares.httpproxy.HttpProxyMiddleware',
 'scrapy.downloadermiddlewares.stats.DownloaderStats']
2025-08-22 16:24:07 [scrapy.middleware] INFO: Enabled spider middlewares:
['scrapy.spidermiddlewares.httperror.HttpErrorMiddleware',
 'scrapy.spidermiddlewares.referer.RefererMiddleware',
 'scrapy.spidermiddlewares.urllength.UrlLengthMiddleware',
 'scrapy.spidermiddlewares.depth.DepthMiddleware']
2025-08-22 16:24:08 [scrapy.extensions.logstats] INFO: Crawled 11 pages (at 2 pages/min), scraped 88 items (at 30 items/min)
2025-08-22 16:24:08 [scrapy.middleware] INFO: Enabled item pipelines:
['sports_scrapy.pipelines.MySQLPipeline']
2025-08-22 16:24:08 [scrapy.core.engine] INFO: Spider opened
2025-08-22 16:24:08 [sports_scrapy.pipelines] INFO: Connected to MySQL database: spider
2025-08-22 16:24:08 [scrapy.extensions.logstats] INFO: Crawled 0 pages (at 0 pages/min), scraped 0 items (at 0 items/min)
2025-08-22 16:24:08 [scrapy.extensions.telnet] INFO: Telnet console listening on 127.0.0.1:6024
2025-08-22 16:24:10 [football_spider] INFO: 足球运动获取到 139 个国家/地区
2025-08-22 16:24:21 [football_spider] INFO: 足球运动获取到 139 个国家/地区
2025-08-22 16:24:26 [football_spider] INFO: 足球国家 392 获取到 373 个联赛
2025-08-22 16:24:27 [football_spider] INFO: 足球运动获取到 139 个国家/地区
2025-08-22 16:24:32 [football_spider] INFO: 足球国家 13 获取到 282 个联赛
2025-08-22 16:24:40 [football_spider] INFO: 足球国家 13 获取到 282 个联赛
2025-08-22 16:24:43 [scrapy.crawler] INFO: Received SIGINT, shutting down gracefully. Send again to force 
2025-08-22 16:24:43 [scrapy.crawler] INFO: Received SIGINT twice, forcing unclean shutdown
2025-08-22 16:24:44 [scrapy.core.engine] INFO: Closing spider (shutdown)
2025-08-22 16:24:45 [scrapy.crawler] INFO: Received SIGINT twice, forcing unclean shutdown
