2025-08-22 16:20:53 [scrapy.utils.log] INFO: Scrapy 2.12.0 started (bot: sports_scrapy)
2025-08-22 16:20:53 [scrapy.utils.log] INFO: Versions: lxml 5.3.2.0, libxml2 2.11.9, cssselect 1.3.0, parsel 1.10.0, w3lib 2.3.1, Twisted 24.11.0, Python 3.12.10 (main, Apr  9 2025, 04:06:22) [MSC v.1943 64 bit (AMD64)], pyOpenSSL 25.1.0 (OpenSSL 3.4.1 11 Feb 2025), cryptography 44.0.2, Platform Windows-10-10.0.19045-SP0
2025-08-22 16:20:53 [scrapy.addons] INFO: Enabled addons:
[]
2025-08-22 16:20:53 [scrapy.extensions.telnet] INFO: Telnet Password: b97cda8bff767d03
2025-08-22 16:20:53 [scrapy.middleware] INFO: Enabled extensions:
['scrapy.extensions.corestats.CoreStats',
 'scrapy.extensions.telnet.TelnetConsole',
 'scrapy.extensions.logstats.LogStats',
 'scrapy.extensions.throttle.AutoThrottle']
2025-08-22 16:20:53 [scrapy.crawler] INFO: Overridden settings:
{'AUTOTHROTTLE_ENABLED': True,
 'AUTOTHROTTLE_START_DELAY': 1,
 'BOT_NAME': 'sports_scrapy',
 'DOWNLOAD_DELAY': 1,
 'DOWNLOAD_TIMEOUT': 30,
 'FEED_EXPORT_ENCODING': 'utf-8',
 'LOG_FILE': 'logs/icehockey_spider.log',
 'LOG_LEVEL': 'INFO',
 'NEWSPIDER_MODULE': 'sports_scrapy.spiders',
 'RETRY_HTTP_CODES': [500, 502, 503, 504, 408, 429],
 'RETRY_TIMES': 3,
 'SPIDER_MODULES': ['sports_scrapy.spiders']}
2025-08-22 16:20:54 [scrapy.middleware] INFO: Enabled downloader middlewares:
['scrapy.downloadermiddlewares.offsite.OffsiteMiddleware',
 'scrapy.downloadermiddlewares.httpauth.HttpAuthMiddleware',
 'scrapy.downloadermiddlewares.downloadtimeout.DownloadTimeoutMiddleware',
 'scrapy.downloadermiddlewares.defaultheaders.DefaultHeadersMiddleware',
 'scrapy.downloadermiddlewares.useragent.UserAgentMiddleware',
 'scrapy.downloadermiddlewares.retry.RetryMiddleware',
 'scrapy.downloadermiddlewares.redirect.MetaRefreshMiddleware',
 'scrapy.downloadermiddlewares.httpcompression.HttpCompressionMiddleware',
 'scrapy.downloadermiddlewares.redirect.RedirectMiddleware',
 'scrapy.downloadermiddlewares.cookies.CookiesMiddleware',
 'scrapy.downloadermiddlewares.httpproxy.HttpProxyMiddleware',
 'scrapy.downloadermiddlewares.stats.DownloaderStats']
2025-08-22 16:20:54 [scrapy.middleware] INFO: Enabled spider middlewares:
['scrapy.spidermiddlewares.httperror.HttpErrorMiddleware',
 'scrapy.spidermiddlewares.referer.RefererMiddleware',
 'scrapy.spidermiddlewares.urllength.UrlLengthMiddleware',
 'scrapy.spidermiddlewares.depth.DepthMiddleware']
2025-08-22 16:20:55 [scrapy.middleware] INFO: Enabled item pipelines:
['sports_scrapy.pipelines.MySQLPipeline']
2025-08-22 16:20:55 [scrapy.core.engine] INFO: Spider opened
2025-08-22 16:20:55 [sports_scrapy.pipelines] INFO: Connected to MySQL database: spider
2025-08-22 16:20:55 [scrapy.extensions.logstats] INFO: Crawled 0 pages (at 0 pages/min), scraped 0 items (at 0 items/min)
2025-08-22 16:20:55 [scrapy.extensions.telnet] INFO: Telnet console listening on 127.0.0.1:6024
2025-08-22 16:20:58 [icehockey_spider] INFO: 冰球运动获取到 12 个国家/地区
2025-08-22 16:20:59 [icehockey_spider] INFO: 冰球运动获取到 12 个国家/地区
2025-08-22 16:20:59 [icehockey_spider] INFO: 冰球运动获取到 12 个国家/地区
2025-08-22 16:20:59 [scrapy.core.engine] INFO: Closing spider (finished)
2025-08-22 16:20:59 [sports_scrapy.pipelines] INFO: MySQL connection closed
2025-08-22 16:20:59 [scrapy.statscollectors] INFO: Dumping Scrapy stats:
{'downloader/request_bytes': 1161,
 'downloader/request_count': 3,
 'downloader/request_method_count/GET': 3,
 'downloader/response_bytes': 4752,
 'downloader/response_count': 3,
 'downloader/response_status_count/200': 3,
 'elapsed_time_seconds': 4.731887,
 'finish_reason': 'finished',
 'finish_time': datetime.datetime(2025, 8, 22, 8, 20, 59, 803530, tzinfo=datetime.timezone.utc),
 'httpcompression/response_bytes': 10514,
 'httpcompression/response_count': 3,
 'items_per_minute': None,
 'log_count/INFO': 15,
 'response_received_count': 3,
 'responses_per_minute': None,
 'scheduler/dequeued': 3,
 'scheduler/dequeued/memory': 3,
 'scheduler/enqueued': 3,
 'scheduler/enqueued/memory': 3,
 'start_time': datetime.datetime(2025, 8, 22, 8, 20, 55, 71643, tzinfo=datetime.timezone.utc)}
2025-08-22 16:20:59 [scrapy.core.engine] INFO: Spider closed (finished)
2025-08-22 16:24:08 [scrapy.utils.log] INFO: Scrapy 2.12.0 started (bot: sports_scrapy)
2025-08-22 16:24:08 [scrapy.utils.log] INFO: Versions: lxml 5.3.2.0, libxml2 2.11.9, cssselect 1.3.0, parsel 1.10.0, w3lib 2.3.1, Twisted 24.11.0, Python 3.12.10 (main, Apr  9 2025, 04:06:22) [MSC v.1943 64 bit (AMD64)], pyOpenSSL 25.1.0 (OpenSSL 3.4.1 11 Feb 2025), cryptography 44.0.2, Platform Windows-10-10.0.19045-SP0
2025-08-22 16:24:08 [scrapy.addons] INFO: Enabled addons:
[]
2025-08-22 16:24:08 [scrapy.extensions.telnet] INFO: Telnet Password: 7f5a1538c88f5a31
2025-08-22 16:24:08 [scrapy.middleware] INFO: Enabled extensions:
['scrapy.extensions.corestats.CoreStats',
 'scrapy.extensions.telnet.TelnetConsole',
 'scrapy.extensions.logstats.LogStats',
 'scrapy.extensions.throttle.AutoThrottle']
2025-08-22 16:24:08 [scrapy.crawler] INFO: Overridden settings:
{'AUTOTHROTTLE_ENABLED': True,
 'AUTOTHROTTLE_START_DELAY': 1,
 'BOT_NAME': 'sports_scrapy',
 'DOWNLOAD_DELAY': 1,
 'DOWNLOAD_TIMEOUT': 30,
 'FEED_EXPORT_ENCODING': 'utf-8',
 'LOG_FILE': 'logs/icehockey_spider.log',
 'LOG_LEVEL': 'INFO',
 'NEWSPIDER_MODULE': 'sports_scrapy.spiders',
 'RETRY_HTTP_CODES': [500, 502, 503, 504, 408, 429],
 'RETRY_TIMES': 3,
 'SPIDER_MODULES': ['sports_scrapy.spiders']}
2025-08-22 16:24:09 [scrapy.middleware] INFO: Enabled downloader middlewares:
['scrapy.downloadermiddlewares.offsite.OffsiteMiddleware',
 'scrapy.downloadermiddlewares.httpauth.HttpAuthMiddleware',
 'scrapy.downloadermiddlewares.downloadtimeout.DownloadTimeoutMiddleware',
 'scrapy.downloadermiddlewares.defaultheaders.DefaultHeadersMiddleware',
 'scrapy.downloadermiddlewares.useragent.UserAgentMiddleware',
 'scrapy.downloadermiddlewares.retry.RetryMiddleware',
 'scrapy.downloadermiddlewares.redirect.MetaRefreshMiddleware',
 'scrapy.downloadermiddlewares.httpcompression.HttpCompressionMiddleware',
 'scrapy.downloadermiddlewares.redirect.RedirectMiddleware',
 'scrapy.downloadermiddlewares.cookies.CookiesMiddleware',
 'scrapy.downloadermiddlewares.httpproxy.HttpProxyMiddleware',
 'scrapy.downloadermiddlewares.stats.DownloaderStats']
2025-08-22 16:24:09 [scrapy.middleware] INFO: Enabled spider middlewares:
['scrapy.spidermiddlewares.httperror.HttpErrorMiddleware',
 'scrapy.spidermiddlewares.referer.RefererMiddleware',
 'scrapy.spidermiddlewares.urllength.UrlLengthMiddleware',
 'scrapy.spidermiddlewares.depth.DepthMiddleware']
2025-08-22 16:24:09 [scrapy.middleware] INFO: Enabled item pipelines:
['sports_scrapy.pipelines.MySQLPipeline']
2025-08-22 16:24:09 [scrapy.core.engine] INFO: Spider opened
2025-08-22 16:24:09 [sports_scrapy.pipelines] INFO: Connected to MySQL database: spider
2025-08-22 16:24:09 [scrapy.extensions.logstats] INFO: Crawled 0 pages (at 0 pages/min), scraped 0 items (at 0 items/min)
2025-08-22 16:24:09 [scrapy.extensions.telnet] INFO: Telnet console listening on 127.0.0.1:6027
2025-08-22 16:24:11 [icehockey_spider] INFO: 冰球运动获取到 12 个国家/地区
2025-08-22 16:24:12 [icehockey_spider] INFO: 冰球运动获取到 12 个国家/地区
2025-08-22 16:24:13 [icehockey_spider] INFO: 冰球运动获取到 12 个国家/地区
2025-08-22 16:24:13 [scrapy.core.engine] INFO: Closing spider (finished)
2025-08-22 16:24:13 [sports_scrapy.pipelines] INFO: MySQL connection closed
2025-08-22 16:24:13 [scrapy.statscollectors] INFO: Dumping Scrapy stats:
{'downloader/request_bytes': 1161,
 'downloader/request_count': 3,
 'downloader/request_method_count/GET': 3,
 'downloader/response_bytes': 4752,
 'downloader/response_count': 3,
 'downloader/response_status_count/200': 3,
 'elapsed_time_seconds': 3.851093,
 'finish_reason': 'finished',
 'finish_time': datetime.datetime(2025, 8, 22, 8, 24, 13, 471265, tzinfo=datetime.timezone.utc),
 'httpcompression/response_bytes': 10514,
 'httpcompression/response_count': 3,
 'items_per_minute': None,
 'log_count/INFO': 15,
 'response_received_count': 3,
 'responses_per_minute': None,
 'scheduler/dequeued': 3,
 'scheduler/dequeued/memory': 3,
 'scheduler/enqueued': 3,
 'scheduler/enqueued/memory': 3,
 'start_time': datetime.datetime(2025, 8, 22, 8, 24, 9, 620172, tzinfo=datetime.timezone.utc)}
2025-08-22 16:24:13 [scrapy.core.engine] INFO: Spider closed (finished)
