2025-08-22 16:20:47,828 - __main__ - INFO - 并行爬虫调度器初始化完成，最大并行数: 16
2025-08-22 16:20:47,830 - __main__ - INFO - 测试模式：只运行前3个爬虫
2025-08-22 16:20:47,830 - __main__ - INFO - 准备并行运行 3 个爬虫
2025-08-22 16:20:48,256 - __mp_main__ - INFO - 开始运行爬虫: 足球 (football_spider)
2025-08-22 16:20:48,599 - __mp_main__ - INFO - 开始运行爬虫: 篮球 (basketball_spider)
2025-08-22 16:20:48,887 - __mp_main__ - INFO - 开始运行爬虫: 冰球 (icehockey_spider)
2025-08-22 16:21:00,702 - __mp_main__ - INFO - 爬虫 冰球 运行成功，耗时: 11.82秒
2025-08-22 16:21:01,974 - __mp_main__ - INFO - 爬虫 篮球 运行成功，耗时: 13.38秒
2025-08-22 16:22:22,450 - __main__ - INFO - 接收到信号 2，正在停止所有爬虫...
2025-08-22 16:24:04,205 - __main__ - INFO - 并行爬虫调度器初始化完成，最大并行数: 16
2025-08-22 16:24:04,205 - __main__ - INFO - 准备并行运行 18 个爬虫
2025-08-22 16:24:04,600 - __mp_main__ - INFO - 开始运行爬虫: 足球 (football_spider)
2025-08-22 16:24:04,936 - __mp_main__ - INFO - 开始运行爬虫: 篮球 (basketball_spider)
2025-08-22 16:24:05,320 - __mp_main__ - INFO - 开始运行爬虫: 冰球 (icehockey_spider)
2025-08-22 16:24:05,757 - __mp_main__ - INFO - 开始运行爬虫: 美式足球 (americanfootball_spider)
2025-08-22 16:24:06,243 - __mp_main__ - INFO - 开始运行爬虫: 网球 (tennis_spider)
2025-08-22 16:24:06,794 - __mp_main__ - INFO - 开始运行爬虫: 排球 (volleyball_spider)
2025-08-22 16:24:07,333 - __mp_main__ - INFO - 开始运行爬虫: 手球 (handball_spider)
2025-08-22 16:24:08,356 - __mp_main__ - INFO - 开始运行爬虫: 棒球 (baseball_spider)
2025-08-22 16:24:09,133 - __mp_main__ - INFO - 开始运行爬虫: 橄榄球 (rugby_spider)
2025-08-22 16:24:11,183 - __mp_main__ - INFO - 开始运行爬虫: 板球 (cricket_spider)
2025-08-22 16:24:14,725 - __mp_main__ - INFO - 爬虫 冰球 运行成功，耗时: 9.40秒
2025-08-22 16:24:14,726 - __mp_main__ - INFO - 开始运行爬虫: 飞镖 (darts_spider)
2025-08-22 16:24:14,729 - __mp_main__ - INFO - 爬虫 篮球 运行成功，耗时: 9.79秒
2025-08-22 16:24:20,981 - __mp_main__ - INFO - 开始运行爬虫: 斯诺克 (snooker_spider)
2025-08-22 16:24:21,141 - __mp_main__ - INFO - 开始运行爬虫: 拳击 (boxing_spider)
2025-08-22 16:24:43,592 - __mp_main__ - INFO - 开始运行爬虫: 高尔夫 (golf_spider)
2025-08-22 16:24:49,508 - __main__ - INFO - 接收到信号 2，正在停止所有爬虫...
